<?xml version="1.0" encoding="UTF-8"?>
<testsuite name="Academy Choucair" tests="1" skipped="0" failures="0" errors="0" timestamp="2021-03-26T22:45:22" hostname="DESKTOP-AUD21S2" time="31.397">
  <properties/>
  <testcase name="Search for a automation course" classname="Academy Choucair" time="31.397"/>
  <system-out><![CDATA[]]></system-out>
  <system-err><![CDATA[[Test worker] WARN net.thucydides.core.steps.BaseStepListener - stepStarted: net.thucydides.core.steps.ExecutedStepDescription@3ea29c4
[Test worker] WARN net.thucydides.core.steps.BaseStepListener - stepStarted: net.thucydides.core.steps.ExecutedStepDescription@2224c6ed
[Test worker] WARN net.thucydides.core.steps.BaseStepListener - stepStarted: net.thucydides.core.steps.ExecutedStepDescription@5d5d4c6f
mar 26, 2021 5:45:24 PM org.openqa.selenium.remote.DesiredCapabilities chrome
INFORMACIÓN: Using `new ChromeOptions()` is preferred to `DesiredCapabilities.chrome()`
[Test worker] INFO net.serenitybdd.core.webdriver.driverproviders.ProvideNewDriver - Instantiating driver
[Test worker] INFO net.serenitybdd.core.webdriver.driverproviders.ProvideNewDriver - Driver capabilities: Capabilities {acceptInsecureCerts: false, browserName: chrome, chrome.switches: --start-maximized, goog:chromeOptions: {args: [--start-maximized], extensions: []}, loggingPrefs: org.openqa.selenium.logging..., platform: ANY, version: }
Starting ChromeDriver 88.0.4324.96 (68dba2d8a0b149a1d3afac56fa74648032bcf46b-refs/branch-heads/4324@{#1784}) on port 18615
Only local connections are allowed.
Please see https://chromedriver.chromium.org/security-considerations for suggestions on keeping ChromeDriver safe.
ChromeDriver was started successfully.
[1616798728.461][WARNING]: This version of ChromeDriver has not been tested with Chrome version 89.
mar 26, 2021 5:45:28 PM org.openqa.selenium.remote.ProtocolHandshake createSession
INFORMACIÓN: Detected dialect: W3C
[Test worker] WARN net.thucydides.core.steps.BaseStepListener - stepFinished: current outcome:Search for a automation course:Example: {strUser=1065000614, strPassword=Choucair2021*, strCourse=ISTQB Agile Tester Extension} [Given than brandon wants to learn automation at the academy Choucair
| strUser | strPassword |
| 1065000614 | Choucair2021* | [Brandon open up [Brandon opens the Choucair academy page]]]
[Test worker] WARN net.thucydides.core.steps.BaseStepListener - stepFinished: current outcome:Search for a automation course:Example: {strUser=1065000614, strPassword=Choucair2021*, strCourse=ISTQB Agile Tester Extension} [Given than brandon wants to learn automation at the academy Choucair
| strUser | strPassword |
| 1065000614 | Choucair2021* | [Brandon open up [Brandon opens the Choucair academy page]]]
[Test worker] WARN net.thucydides.core.steps.BaseStepListener - stepStarted: net.thucydides.core.steps.ExecutedStepDescription@632256fb
[Test worker] WARN net.thucydides.core.steps.BaseStepListener - stepStarted: net.thucydides.core.steps.ExecutedStepDescription@7506e941
[Test worker] WARN net.thucydides.core.steps.BaseStepListener - stepFinished: current outcome:Search for a automation course:Example: {strUser=1065000614, strPassword=Choucair2021*, strCourse=ISTQB Agile Tester Extension} [Given than brandon wants to learn automation at the academy Choucair
| strUser | strPassword |
| 1065000614 | Choucair2021* | [Brandon open up [Brandon opens the Choucair academy page], Brandon login [Brandon clicks on button that shows us the form to login]]]
[Test worker] WARN net.thucydides.core.steps.BaseStepListener - stepStarted: net.thucydides.core.steps.ExecutedStepDescription@5722f1f7
[Test worker] WARN net.thucydides.core.steps.BaseStepListener - stepFinished: current outcome:Search for a automation course:Example: {strUser=1065000614, strPassword=Choucair2021*, strCourse=ISTQB Agile Tester Extension} [Given than brandon wants to learn automation at the academy Choucair
| strUser | strPassword |
| 1065000614 | Choucair2021* | [Brandon open up [Brandon opens the Choucair academy page], Brandon login [Brandon clicks on button that shows us the form to login, Brandon enters '1065000614' into were do we write the user]]]
[Test worker] WARN net.thucydides.core.steps.BaseStepListener - stepStarted: net.thucydides.core.steps.ExecutedStepDescription@44b6ce0b
[Test worker] WARN net.thucydides.core.steps.BaseStepListener - stepFinished: current outcome:Search for a automation course:Example: {strUser=1065000614, strPassword=Choucair2021*, strCourse=ISTQB Agile Tester Extension} [Given than brandon wants to learn automation at the academy Choucair
| strUser | strPassword |
| 1065000614 | Choucair2021* | [Brandon open up [Brandon opens the Choucair academy page], Brandon login [Brandon clicks on button that shows us the form to login, Brandon enters '1065000614' into were do we write the user, Brandon enters 'Choucair2021*' into where do we write password]]]
[Test worker] WARN net.thucydides.core.steps.BaseStepListener - stepStarted: net.thucydides.core.steps.ExecutedStepDescription@422d6a63
[Test worker] WARN net.thucydides.core.steps.BaseStepListener - stepFinished: current outcome:Search for a automation course:Example: {strUser=1065000614, strPassword=Choucair2021*, strCourse=ISTQB Agile Tester Extension} [Given than brandon wants to learn automation at the academy Choucair
| strUser | strPassword |
| 1065000614 | Choucair2021* | [Brandon open up [Brandon opens the Choucair academy page], Brandon login [Brandon clicks on button that shows us the form to login, Brandon enters '1065000614' into were do we write the user, Brandon enters 'Choucair2021*' into where do we write password, Brandon clicks on button to confirm login]]]
[Test worker] WARN net.thucydides.core.steps.BaseStepListener - stepFinished: current outcome:Search for a automation course:Example: {strUser=1065000614, strPassword=Choucair2021*, strCourse=ISTQB Agile Tester Extension} [Given than brandon wants to learn automation at the academy Choucair
| strUser | strPassword |
| 1065000614 | Choucair2021* | [Brandon open up [Brandon opens the Choucair academy page], Brandon login [Brandon clicks on button that shows us the form to login, Brandon enters '1065000614' into were do we write the user, Brandon enters 'Choucair2021*' into where do we write password, Brandon clicks on button to confirm login]]]
[Test worker] WARN net.thucydides.core.steps.BaseStepListener - stepFinished: current outcome:Search for a automation course:Example: {strUser=1065000614, strPassword=Choucair2021*, strCourse=ISTQB Agile Tester Extension} [Given than brandon wants to learn automation at the academy Choucair
| strUser | strPassword |
| 1065000614 | Choucair2021* | [Brandon open up [Brandon opens the Choucair academy page], Brandon login [Brandon clicks on button that shows us the form to login, Brandon enters '1065000614' into were do we write the user, Brandon enters 'Choucair2021*' into where do we write password, Brandon clicks on button to confirm login]]]
[Test worker] WARN net.thucydides.core.steps.BaseStepListener - stepStarted: net.thucydides.core.steps.ExecutedStepDescription@6ff778db
[Test worker] WARN net.thucydides.core.steps.BaseStepListener - stepStarted: net.thucydides.core.steps.ExecutedStepDescription@272dd9cb
[Test worker] WARN net.thucydides.core.steps.BaseStepListener - stepStarted: net.thucydides.core.steps.ExecutedStepDescription@7abe2ce1
[Test worker] WARN net.thucydides.core.steps.BaseStepListener - stepFinished: current outcome:Search for a automation course:Example: {strUser=1065000614, strPassword=Choucair2021*, strCourse=ISTQB Agile Tester Extension} [Given than brandon wants to learn automation at the academy Choucair
| strUser | strPassword |
| 1065000614 | Choucair2021* | [Brandon open up [Brandon opens the Choucair academy page], Brandon login [Brandon clicks on button that shows us the form to login, Brandon enters '1065000614' into were do we write the user, Brandon enters 'Choucair2021*' into where do we write password, Brandon clicks on button to confirm login]], When he search for the course on the choucair academy plataform
| strCourse |
| ISTQB Agile Tester Extension | [Brandon search [Brandon clicks on courses and certifications to select]]]
[Test worker] WARN net.thucydides.core.steps.BaseStepListener - stepStarted: net.thucydides.core.steps.ExecutedStepDescription@67758b09
[Test worker] WARN net.thucydides.core.steps.BaseStepListener - stepFinished: current outcome:Search for a automation course:Example: {strUser=1065000614, strPassword=Choucair2021*, strCourse=ISTQB Agile Tester Extension} [Given than brandon wants to learn automation at the academy Choucair
| strUser | strPassword |
| 1065000614 | Choucair2021* | [Brandon open up [Brandon opens the Choucair academy page], Brandon login [Brandon clicks on button that shows us the form to login, Brandon enters '1065000614' into were do we write the user, Brandon enters 'Choucair2021*' into where do we write password, Brandon clicks on button to confirm login]], When he search for the course on the choucair academy plataform
| strCourse |
| ISTQB Agile Tester Extension | [Brandon search [Brandon clicks on courses and certifications to select, Brandon enters 'ISTQB Agile Tester Extension' into search course]]]
[Test worker] WARN net.thucydides.core.steps.BaseStepListener - stepStarted: net.thucydides.core.steps.ExecutedStepDescription@3e40c1fd
[Test worker] WARN net.thucydides.core.steps.BaseStepListener - stepFinished: current outcome:Search for a automation course:Example: {strUser=1065000614, strPassword=Choucair2021*, strCourse=ISTQB Agile Tester Extension} [Given than brandon wants to learn automation at the academy Choucair
| strUser | strPassword |
| 1065000614 | Choucair2021* | [Brandon open up [Brandon opens the Choucair academy page], Brandon login [Brandon clicks on button that shows us the form to login, Brandon enters '1065000614' into were do we write the user, Brandon enters 'Choucair2021*' into where do we write password, Brandon clicks on button to confirm login]], When he search for the course on the choucair academy plataform
| strCourse |
| ISTQB Agile Tester Extension | [Brandon search [Brandon clicks on courses and certifications to select, Brandon enters 'ISTQB Agile Tester Extension' into search course, Brandon clicks on click button go]]]
[Test worker] WARN net.thucydides.core.steps.BaseStepListener - stepStarted: net.thucydides.core.steps.ExecutedStepDescription@7239570c
[Test worker] WARN net.thucydides.core.steps.BaseStepListener - stepFinished: current outcome:Search for a automation course:Example: {strUser=1065000614, strPassword=Choucair2021*, strCourse=ISTQB Agile Tester Extension} [Given than brandon wants to learn automation at the academy Choucair
| strUser | strPassword |
| 1065000614 | Choucair2021* | [Brandon open up [Brandon opens the Choucair academy page], Brandon login [Brandon clicks on button that shows us the form to login, Brandon enters '1065000614' into were do we write the user, Brandon enters 'Choucair2021*' into where do we write password, Brandon clicks on button to confirm login]], When he search for the course on the choucair academy plataform
| strCourse |
| ISTQB Agile Tester Extension | [Brandon search [Brandon clicks on courses and certifications to select, Brandon enters 'ISTQB Agile Tester Extension' into search course, Brandon clicks on click button go, Brandon clicks on select course]]]
[Test worker] WARN net.thucydides.core.steps.BaseStepListener - stepFinished: current outcome:Search for a automation course:Example: {strUser=1065000614, strPassword=Choucair2021*, strCourse=ISTQB Agile Tester Extension} [Given than brandon wants to learn automation at the academy Choucair
| strUser | strPassword |
| 1065000614 | Choucair2021* | [Brandon open up [Brandon opens the Choucair academy page], Brandon login [Brandon clicks on button that shows us the form to login, Brandon enters '1065000614' into were do we write the user, Brandon enters 'Choucair2021*' into where do we write password, Brandon clicks on button to confirm login]], When he search for the course on the choucair academy plataform
| strCourse |
| ISTQB Agile Tester Extension | [Brandon search [Brandon clicks on courses and certifications to select, Brandon enters 'ISTQB Agile Tester Extension' into search course, Brandon clicks on click button go, Brandon clicks on select course]]]
[Test worker] WARN net.thucydides.core.steps.BaseStepListener - stepFinished: current outcome:Search for a automation course:Example: {strUser=1065000614, strPassword=Choucair2021*, strCourse=ISTQB Agile Tester Extension} [Given than brandon wants to learn automation at the academy Choucair
| strUser | strPassword |
| 1065000614 | Choucair2021* | [Brandon open up [Brandon opens the Choucair academy page], Brandon login [Brandon clicks on button that shows us the form to login, Brandon enters '1065000614' into were do we write the user, Brandon enters 'Choucair2021*' into where do we write password, Brandon clicks on button to confirm login]], When he search for the course on the choucair academy plataform
| strCourse |
| ISTQB Agile Tester Extension | [Brandon search [Brandon clicks on courses and certifications to select, Brandon enters 'ISTQB Agile Tester Extension' into search course, Brandon clicks on click button go, Brandon clicks on select course]]]
[Test worker] WARN net.thucydides.core.steps.BaseStepListener - stepFinished: current outcome:Search for a automation course:Example: {strUser=1065000614, strPassword=Choucair2021*, strCourse=ISTQB Agile Tester Extension} [Given than brandon wants to learn automation at the academy Choucair
| strUser | strPassword |
| 1065000614 | Choucair2021* | [Brandon open up [Brandon opens the Choucair academy page], Brandon login [Brandon clicks on button that shows us the form to login, Brandon enters '1065000614' into were do we write the user, Brandon enters 'Choucair2021*' into where do we write password, Brandon clicks on button to confirm login]], When he search for the course on the choucair academy plataform
| strCourse |
| ISTQB Agile Tester Extension | [Brandon search [Brandon clicks on courses and certifications to select, Brandon enters 'ISTQB Agile Tester Extension' into search course, Brandon clicks on click button go, Brandon clicks on select course]]]
[Test worker] WARN net.thucydides.core.steps.BaseStepListener - testFinished: Search for a automation course:Example: {strUser=1065000614, strPassword=Choucair2021*, strCourse=ISTQB Agile Tester Extension} [Given than brandon wants to learn automation at the academy Choucair
| strUser | strPassword |
| 1065000614 | Choucair2021* | [Brandon open up [Brandon opens the Choucair academy page], Brandon login [Brandon clicks on button that shows us the form to login, Brandon enters '1065000614' into were do we write the user, Brandon enters 'Choucair2021*' into where do we write password, Brandon clicks on button to confirm login]], When he search for the course on the choucair academy plataform
| strCourse |
| ISTQB Agile Tester Extension | [Brandon search [Brandon clicks on courses and certifications to select, Brandon enters 'ISTQB Agile Tester Extension' into search course, Brandon clicks on click button go, Brandon clicks on select course]]]
[Test worker] WARN net.thucydides.core.steps.BaseStepListener - TestOutcomes: [Search for a automation course:Example: {strUser=1065000614, strPassword=Choucair2021*, strCourse=ISTQB Agile Tester Extension} [Given than brandon wants to learn automation at the academy Choucair
| strUser | strPassword |
| 1065000614 | Choucair2021* | [Brandon open up [Brandon opens the Choucair academy page], Brandon login [Brandon clicks on button that shows us the form to login, Brandon enters '1065000614' into were do we write the user, Brandon enters 'Choucair2021*' into where do we write password, Brandon clicks on button to confirm login]], When he search for the course on the choucair academy plataform
| strCourse |
| ISTQB Agile Tester Extension | [Brandon search [Brandon clicks on courses and certifications to select, Brandon enters 'ISTQB Agile Tester Extension' into search course, Brandon clicks on click button go, Brandon clicks on select course]]]]
[Test worker] WARN net.thucydides.core.steps.BaseStepListener - Final testOutcomes: [Search for a automation course:Example: {strUser=1065000614, strPassword=Choucair2021*, strCourse=ISTQB Agile Tester Extension} [Given than brandon wants to learn automation at the academy Choucair
| strUser | strPassword |
| 1065000614 | Choucair2021* | [Brandon open up [Brandon opens the Choucair academy page], Brandon login [Brandon clicks on button that shows us the form to login, Brandon enters '1065000614' into were do we write the user, Brandon enters 'Choucair2021*' into where do we write password, Brandon clicks on button to confirm login]], When he search for the course on the choucair academy plataform
| strCourse |
| ISTQB Agile Tester Extension | [Brandon search [Brandon clicks on courses and certifications to select, Brandon enters 'ISTQB Agile Tester Extension' into search course, Brandon clicks on click button go, Brandon clicks on select course]]]]
[Test worker] INFO net.thucydides.core.steps.ConsoleLoggingListener - 
        __    _____ _____ ____ _____   ____   _    ____  ____  _____ ____  
  _     \ \  |_   _| ____/ ___|_   _| |  _ \ / \  / ___|/ ___|| ____|  _ \ 
 (_)_____| |   | | |  _| \___ \ | |   | |_) / _ \ \___ \\___ \|  _| | | | |
  _|_____| |   | | | |___ ___) || |   |  __/ ___ \ ___) |___) | |___| |_| |
 (_)     | |   |_| |_____|____/ |_|   |_| /_/   \_\____/|____/|_____|____/ 
        /_/                                                                

TEST PASSED: Search for a automation course
----------------------------------------------------------------------------
]]></system-err>
</testsuite>
